2020-02-13 Thursday AM 09:41:47-0:0:0:0:0:0:0:1-index.jsp

2020-02-13 Thursday AM 09:41:49-0:0:0:0:0:0:0:1-0212/result/input.jsp

2020-02-13 Thursday AM 09:41:50-0:0:0:0:0:0:0:1-0212/result/forwardresult.jsp

2020-02-13 Thursday AM 09:41:50-0:0:0:0:0:0:0:1-0212/result/forward.jsp

2020-02-13 Thursday AM 09:41:51-0:0:0:0:0:0:0:1-0212/result/input.jsp

2020-02-13 Thursday AM 09:41:52-0:0:0:0:0:0:0:1-0212/result/redirect.jsp

2020-02-13 Thursday AM 09:41:52-0:0:0:0:0:0:0:1-0212/result/redirectresult.jsp

2020-02-13 Thursday AM 09:41:53-0:0:0:0:0:0:0:1-0212/result/input.jsp

2020-02-13 Thursday AM 09:47:06-0:0:0:0:0:0:0:1-index.jsp

2020-02-13 Thursday AM 09:54:28-0:0:0:0:0:0:0:1-index.jsp

2020-02-13 Thursday AM 10:06:33-0:0:0:0:0:0:0:1-index.jsp

2020-02-13 Thursday AM 10:08:53-0:0:0:0:0:0:0:1-index.jsp

2020-02-13 Thursday AM 10:29:50-0:0:0:0:0:0:0:1-index.jsp

2020-02-13 Thursday AM 10:32:28-0:0:0:0:0:0:0:1-index.jsp

2020-02-13 Thursday AM 10:39:45-0:0:0:0:0:0:0:1-index.jsp

2020-02-13 Thursday AM 10:51:01-0:0:0:0:0:0:0:1-index.jsp

2020-02-13 Thursday AM 10:54:57-0:0:0:0:0:0:0:1-index.jsp

2020-02-13 Thursday AM 11:07:47-0:0:0:0:0:0:0:1-index.jsp

2020-02-13 Thursday AM 11:12:34-0:0:0:0:0:0:0:1-index.jsp

2020-02-13 Thursday AM 11:13:15-0:0:0:0:0:0:0:1-index.jsp

2020-02-13 Thursday AM 11:17:09-0:0:0:0:0:0:0:1-index.jsp

2020-02-13 Thursday AM 11:20:07-0:0:0:0:0:0:0:1-index.jsp

2020-02-13 Thursday AM 11:28:01-0:0:0:0:0:0:0:1-index.jsp

2020-02-13 Thursday PM 12:23:17-0:0:0:0:0:0:0:1-index.jsp

2020-02-13 Thursday PM 12:26:06-0:0:0:0:0:0:0:1-index.jsp

2020-02-13 Thursday PM 12:29:02-0:0:0:0:0:0:0:1-index.jsp

2020-02-13 Thursday PM 12:29:14-0:0:0:0:0:0:0:1-index.jsp

2020-02-13 Thursday PM 12:34:27-0:0:0:0:0:0:0:1-index.jsp

2020-02-13 Thursday PM 12:48:35-0:0:0:0:0:0:0:1-index.jsp

2020-02-13 Thursday PM 02:02:54-0:0:0:0:0:0:0:1-index.jsp

2020-02-13 Thursday PM 02:02:59-0:0:0:0:0:0:0:1-index.jsp

2020-02-13 Thursday PM 02:12:29-0:0:0:0:0:0:0:1-0212/result/input.jsp

2020-02-13 Thursday PM 02:12:30-0:0:0:0:0:0:0:1-0212/result/forwardresult.jsp

2020-02-13 Thursday PM 02:12:30-0:0:0:0:0:0:0:1-0212/result/forward.jsp

2020-02-13 Thursday PM 02:12:31-0:0:0:0:0:0:0:1-0212/result/input.jsp

2020-02-13 Thursday PM 02:12:32-0:0:0:0:0:0:0:1-0212/result/redirect.jsp

2020-02-13 Thursday PM 02:12:32-0:0:0:0:0:0:0:1-0212/result/redirectresult.jsp

2020-02-13 Thursday PM 02:19:10-0:0:0:0:0:0:0:1-index.jsp

2020-02-13 Thursday PM 02:19:12-0:0:0:0:0:0:0:1-index.jsp

2020-02-13 Thursday PM 02:23:49-0:0:0:0:0:0:0:1-index.jsp

2020-02-13 Thursday PM 02:24:09-0:0:0:0:0:0:0:1-index.jsp

2020-02-13 Thursday PM 02:33:43-0:0:0:0:0:0:0:1-index.jsp

2020-02-13 Thursday PM 02:33:44-0:0:0:0:0:0:0:1-index.jsp

2020-02-13 Thursday PM 02:33:44-0:0:0:0:0:0:0:1-index.jsp

2020-02-13 Thursday PM 02:33:45-0:0:0:0:0:0:0:1-index.jsp

2020-02-13 Thursday PM 02:34:31-0:0:0:0:0:0:0:1-index.jsp

2020-02-13 Thursday PM 02:36:39-0:0:0:0:0:0:0:1-index.jsp

2020-02-13 Thursday PM 02:36:50-0:0:0:0:0:0:0:1-index.jsp

2020-02-13 Thursday PM 02:39:50-0:0:0:0:0:0:0:1-index.jsp

2020-02-13 Thursday PM 02:40:55-0:0:0:0:0:0:0:1-index.jsp

2020-02-13 Thursday PM 02:41:40-0:0:0:0:0:0:0:1-index.jsp

2020-02-13 Thursday PM 02:41:41-0:0:0:0:0:0:0:1-index.jsp

2020-02-13 Thursday PM 02:41:49-0:0:0:0:0:0:0:1-index.jsp

2020-02-13 Thursday PM 02:42:14-0:0:0:0:0:0:0:1-index.jsp

2020-02-13 Thursday PM 02:42:20-0:0:0:0:0:0:0:1-index.jsp

2020-02-13 Thursday PM 02:42:43-0:0:0:0:0:0:0:1-index.jsp

2020-02-13 Thursday PM 02:42:49-0:0:0:0:0:0:0:1-0212/result/input.jsp

2020-02-13 Thursday PM 02:54:13-0:0:0:0:0:0:0:1-index.jsp

2020-02-13 Thursday PM 02:54:27-0:0:0:0:0:0:0:1-index.jsp

2020-02-13 Thursday PM 02:56:29-0:0:0:0:0:0:0:1-index.jsp

2020-02-13 Thursday PM 02:58:47-0:0:0:0:0:0:0:1-index.jsp

2020-02-13 Thursday PM 02:58:47-0:0:0:0:0:0:0:1-index.jsp

2020-02-13 Thursday PM 02:58:48-0:0:0:0:0:0:0:1-index.jsp

2020-02-13 Thursday PM 02:59:04-0:0:0:0:0:0:0:1-index.jsp

2020-02-13 Thursday PM 03:01:14-0:0:0:0:0:0:0:1-index.jsp

2020-02-13 Thursday PM 03:05:27-0:0:0:0:0:0:0:1-index.jsp

2020-02-13 Thursday PM 03:07:34-0:0:0:0:0:0:0:1-index.jsp

2020-02-13 Thursday PM 03:10:23-0:0:0:0:0:0:0:1-index.jsp

2020-02-13 Thursday PM 03:16:22-0:0:0:0:0:0:0:1-index.jsp

2020-02-13 Thursday PM 03:25:27-0:0:0:0:0:0:0:1-index.jsp

2020-02-13 Thursday PM 03:25:36-0:0:0:0:0:0:0:1-index.jsp

2020-02-13 Thursday PM 03:25:44-0:0:0:0:0:0:0:1-0212/result/input.jsp

2020-02-13 Thursday PM 03:26:06-0:0:0:0:0:0:0:1-index.jsp

2020-02-13 Thursday PM 03:33:32-0:0:0:0:0:0:0:1-index.jsp

2020-02-13 Thursday PM 03:39:38-0:0:0:0:0:0:0:1-0212/result/input.jsp

2020-02-13 Thursday PM 03:39:50-0:0:0:0:0:0:0:1-0212/result/input.jsp

2020-02-13 Thursday PM 03:39:51-0:0:0:0:0:0:0:1-0212/result/forwardresult.jsp

2020-02-13 Thursday PM 03:39:51-0:0:0:0:0:0:0:1-0212/result/forward.jsp

2020-02-13 Thursday PM 03:48:10-0:0:0:0:0:0:0:1-0212/result/input.jsp

2020-02-13 Thursday PM 03:49:04-0:0:0:0:0:0:0:1-index.jsp

2020-02-13 Thursday PM 03:58:51-0:0:0:0:0:0:0:1-index.jsp

2020-02-13 Thursday PM 03:58:53-0:0:0:0:0:0:0:1-index.jsp

2020-02-13 Thursday PM 04:03:30-0:0:0:0:0:0:0:1-index.jsp

2020-02-13 Thursday PM 04:04:05-0:0:0:0:0:0:0:1-index.jsp

2020-02-13 Thursday PM 04:10:39-0:0:0:0:0:0:0:1-index.jsp

2020-02-13 Thursday PM 04:13:14-0:0:0:0:0:0:0:1-index.jsp

2020-02-13 Thursday PM 04:17:29-0:0:0:0:0:0:0:1-index.jsp

2020-02-13 Thursday PM 04:17:47-0:0:0:0:0:0:0:1-index.jsp

2020-02-13 Thursday PM 04:21:38-0:0:0:0:0:0:0:1-index.jsp

2020-02-13 Thursday PM 04:21:45-0:0:0:0:0:0:0:1-0212/result/input.jsp

2020-02-13 Thursday PM 04:22:15-0:0:0:0:0:0:0:1-0212/result/input.jsp

2020-02-13 Thursday PM 04:22:16-0:0:0:0:0:0:0:1-0212/result/forwardresult.jsp

2020-02-13 Thursday PM 04:22:16-0:0:0:0:0:0:0:1-0212/result/forward.jsp

2020-02-13 Thursday PM 04:22:17-0:0:0:0:0:0:0:1-0212/result/input.jsp

2020-02-13 Thursday PM 04:22:18-0:0:0:0:0:0:0:1-0212/result/redirect.jsp

2020-02-13 Thursday PM 04:22:18-0:0:0:0:0:0:0:1-0212/result/redirectresult.jsp

2020-02-13 Thursday PM 04:24:33-0:0:0:0:0:0:0:1-0212/result/input.jsp

2020-02-13 Thursday PM 05:02:33-0:0:0:0:0:0:0:1-0212/result/input.jsp

